Analysis & Synthesis report for FPGA_I2CDriver
Sun Mar 09 17:46:50 2025
Quartus Prime Version 18.1.0 Build 625 09/12/2018 SJ Standard Edition


---------------------
; Table of Contents ;
---------------------
  1. Legal Notice
  2. Analysis & Synthesis Summary
  3. Analysis & Synthesis Settings
  4. Parallel Compilation
  5. Analysis & Synthesis Source Files Read
  6. Analysis & Synthesis Resource Usage Summary
  7. Analysis & Synthesis Resource Utilization by Entity
  8. Logic Cells Representing Combinational Loops
  9. General Register Statistics
 10. Post-Synthesis Netlist Statistics for Top Partition
 11. Elapsed Time Per Partition
 12. Analysis & Synthesis Messages



----------------
; Legal Notice ;
----------------
Copyright (C) 2018  Intel Corporation. All rights reserved.
Your use of Intel Corporation's design tools, logic functions 
and other software and tools, and its AMPP partner logic 
functions, and any output files from any of the foregoing 
(including device programming or simulation files), and any 
associated documentation or information are expressly subject 
to the terms and conditions of the Intel Program License 
Subscription Agreement, the Intel Quartus Prime License Agreement,
the Intel FPGA IP License Agreement, or other applicable license
agreement, including, without limitation, that your use is for
the sole purpose of programming logic devices manufactured by
Intel and sold by Intel or its authorized distributors.  Please
refer to the applicable agreement for further details.



+-----------------------------------------------------------------------------------+
; Analysis & Synthesis Summary                                                      ;
+---------------------------------+-------------------------------------------------+
; Analysis & Synthesis Status     ; Successful - Sun Mar 09 17:46:50 2025           ;
; Quartus Prime Version           ; 18.1.0 Build 625 09/12/2018 SJ Standard Edition ;
; Revision Name                   ; FPGA_I2CDriver                                  ;
; Top-level Entity Name           ; driver                                          ;
; Family                          ; Cyclone V                                       ;
; Logic utilization (in ALMs)     ; N/A                                             ;
; Total registers                 ; 0                                               ;
; Total pins                      ; 2                                               ;
; Total virtual pins              ; 0                                               ;
; Total block memory bits         ; 0                                               ;
; Total DSP Blocks                ; 0                                               ;
; Total HSSI RX PCSs              ; 0                                               ;
; Total HSSI PMA RX Deserializers ; 0                                               ;
; Total HSSI TX PCSs              ; 0                                               ;
; Total HSSI PMA TX Serializers   ; 0                                               ;
; Total PLLs                      ; 0                                               ;
; Total DLLs                      ; 0                                               ;
+---------------------------------+-------------------------------------------------+


+---------------------------------------------------------------------------------------------------------------------------+
; Analysis & Synthesis Settings                                                                                             ;
+---------------------------------------------------------------------------------+--------------------+--------------------+
; Option                                                                          ; Setting            ; Default Value      ;
+---------------------------------------------------------------------------------+--------------------+--------------------+
; Device                                                                          ; 5CGXFC7C7F23C8     ;                    ;
; Top-level entity name                                                           ; driver             ; FPGA_I2CDriver     ;
; Family name                                                                     ; Cyclone V          ; Cyclone V          ;
; Use smart compilation                                                           ; Off                ; Off                ;
; Enable parallel Assembler and Timing Analyzer during compilation                ; On                 ; On                 ;
; Enable compact report table                                                     ; Off                ; Off                ;
; Restructure Multiplexers                                                        ; Auto               ; Auto               ;
; MLAB Add Timing Constraints For Mixed-Port Feed-Through Mode Setting Don't Care ; Off                ; Off                ;
; Create Debugging Nodes for IP Cores                                             ; Off                ; Off                ;
; Preserve fewer node names                                                       ; On                 ; On                 ;
; Intel FPGA IP Evaluation Mode                                                   ; Enable             ; Enable             ;
; Verilog Version                                                                 ; Verilog_2001       ; Verilog_2001       ;
; VHDL Version                                                                    ; VHDL_1993          ; VHDL_1993          ;
; State Machine Processing                                                        ; Auto               ; Auto               ;
; Safe State Machine                                                              ; Off                ; Off                ;
; Extract Verilog State Machines                                                  ; On                 ; On                 ;
; Extract VHDL State Machines                                                     ; On                 ; On                 ;
; Ignore Verilog initial constructs                                               ; Off                ; Off                ;
; Iteration limit for constant Verilog loops                                      ; 5000               ; 5000               ;
; Iteration limit for non-constant Verilog loops                                  ; 250                ; 250                ;
; Add Pass-Through Logic to Inferred RAMs                                         ; On                 ; On                 ;
; Infer RAMs from Raw Logic                                                       ; On                 ; On                 ;
; Parallel Synthesis                                                              ; On                 ; On                 ;
; DSP Block Balancing                                                             ; Auto               ; Auto               ;
; NOT Gate Push-Back                                                              ; On                 ; On                 ;
; Power-Up Don't Care                                                             ; On                 ; On                 ;
; Remove Redundant Logic Cells                                                    ; Off                ; Off                ;
; Remove Duplicate Registers                                                      ; On                 ; On                 ;
; Ignore CARRY Buffers                                                            ; Off                ; Off                ;
; Ignore CASCADE Buffers                                                          ; Off                ; Off                ;
; Ignore GLOBAL Buffers                                                           ; Off                ; Off                ;
; Ignore ROW GLOBAL Buffers                                                       ; Off                ; Off                ;
; Ignore LCELL Buffers                                                            ; Off                ; Off                ;
; Ignore SOFT Buffers                                                             ; On                 ; On                 ;
; Limit AHDL Integers to 32 Bits                                                  ; Off                ; Off                ;
; Optimization Technique                                                          ; Balanced           ; Balanced           ;
; Carry Chain Length                                                              ; 70                 ; 70                 ;
; Auto Carry Chains                                                               ; On                 ; On                 ;
; Auto Open-Drain Pins                                                            ; On                 ; On                 ;
; Perform WYSIWYG Primitive Resynthesis                                           ; Off                ; Off                ;
; Auto ROM Replacement                                                            ; On                 ; On                 ;
; Auto RAM Replacement                                                            ; On                 ; On                 ;
; Auto DSP Block Replacement                                                      ; On                 ; On                 ;
; Auto Shift Register Replacement                                                 ; Auto               ; Auto               ;
; Allow Shift Register Merging across Hierarchies                                 ; Auto               ; Auto               ;
; Auto Clock Enable Replacement                                                   ; On                 ; On                 ;
; Strict RAM Replacement                                                          ; Off                ; Off                ;
; Allow Synchronous Control Signals                                               ; On                 ; On                 ;
; Force Use of Synchronous Clear Signals                                          ; Off                ; Off                ;
; Auto Resource Sharing                                                           ; Off                ; Off                ;
; Allow Any RAM Size For Recognition                                              ; Off                ; Off                ;
; Allow Any ROM Size For Recognition                                              ; Off                ; Off                ;
; Allow Any Shift Register Size For Recognition                                   ; Off                ; Off                ;
; Use LogicLock Constraints during Resource Balancing                             ; On                 ; On                 ;
; Ignore translate_off and synthesis_off directives                               ; Off                ; Off                ;
; Timing-Driven Synthesis                                                         ; On                 ; On                 ;
; Report Parameter Settings                                                       ; On                 ; On                 ;
; Report Source Assignments                                                       ; On                 ; On                 ;
; Report Connectivity Checks                                                      ; On                 ; On                 ;
; Ignore Maximum Fan-Out Assignments                                              ; Off                ; Off                ;
; Synchronization Register Chain Length                                           ; 3                  ; 3                  ;
; Power Optimization During Synthesis                                             ; Normal compilation ; Normal compilation ;
; HDL message level                                                               ; Level2             ; Level2             ;
; Suppress Register Optimization Related Messages                                 ; Off                ; Off                ;
; Number of Removed Registers Reported in Synthesis Report                        ; 5000               ; 5000               ;
; Number of Swept Nodes Reported in Synthesis Report                              ; 5000               ; 5000               ;
; Number of Inverted Registers Reported in Synthesis Report                       ; 100                ; 100                ;
; Clock MUX Protection                                                            ; On                 ; On                 ;
; Auto Gated Clock Conversion                                                     ; Off                ; Off                ;
; Block Design Naming                                                             ; Auto               ; Auto               ;
; SDC constraint protection                                                       ; Off                ; Off                ;
; Synthesis Effort                                                                ; Auto               ; Auto               ;
; Shift Register Replacement - Allow Asynchronous Clear Signal                    ; On                 ; On                 ;
; Pre-Mapping Resynthesis Optimization                                            ; Off                ; Off                ;
; Analysis & Synthesis Message Level                                              ; Medium             ; Medium             ;
; Disable Register Merging Across Hierarchies                                     ; Auto               ; Auto               ;
; Resource Aware Inference For Block RAM                                          ; On                 ; On                 ;
; Automatic Parallel Synthesis                                                    ; On                 ; On                 ;
; Partial Reconfiguration Bitstream ID                                            ; Off                ; Off                ;
+---------------------------------------------------------------------------------+--------------------+--------------------+


+------------------------------------------+
; Parallel Compilation                     ;
+----------------------------+-------------+
; Processors                 ; Number      ;
+----------------------------+-------------+
; Number detected on machine ; 16          ;
; Maximum allowed            ; 16          ;
;                            ;             ;
; Average used               ; 1.00        ;
; Maximum used               ; 1           ;
;                            ;             ;
; Usage by Processor         ; % Time Used ;
;     Processor 1            ; 100.0%      ;
+----------------------------+-------------+


+------------------------------------------------------------------------------------------------------------------------------------------+
; Analysis & Synthesis Source Files Read                                                                                                   ;
+----------------------------------+-----------------+------------------------+--------------------------------------------------+---------+
; File Name with User-Entered Path ; Used in Netlist ; File Type              ; File Name with Absolute Path                     ; Library ;
+----------------------------------+-----------------+------------------------+--------------------------------------------------+---------+
; driver.v                         ; yes             ; User Verilog HDL File  ; C:/Users/20mbm14/Desktop/FPGA_I2CDriver/driver.v ;         ;
+----------------------------------+-----------------+------------------------+--------------------------------------------------+---------+


+-----------------------------------------------------+
; Analysis & Synthesis Resource Usage Summary         ;
+---------------------------------------------+-------+
; Resource                                    ; Usage ;
+---------------------------------------------+-------+
; Estimate of Logic utilization (ALMs needed) ; 1     ;
;                                             ;       ;
; Combinational ALUT usage for logic          ; 1     ;
;     -- 7 input functions                    ; 0     ;
;     -- 6 input functions                    ; 0     ;
;     -- 5 input functions                    ; 0     ;
;     -- 4 input functions                    ; 0     ;
;     -- <=3 input functions                  ; 1     ;
;                                             ;       ;
; Dedicated logic registers                   ; 0     ;
;                                             ;       ;
; I/O pins                                    ; 2     ;
;                                             ;       ;
; Total DSP Blocks                            ; 0     ;
;                                             ;       ;
; Maximum fan-out node                        ; SCL~1 ;
; Maximum fan-out                             ; 2     ;
; Total fan-out                               ; 5     ;
; Average fan-out                             ; 0.83  ;
+---------------------------------------------+-------+


+----------------------------------------------------------------------------------------------------------------------------------------------------------------------------------------+
; Analysis & Synthesis Resource Utilization by Entity                                                                                                                                    ;
+----------------------------+---------------------+---------------------------+-------------------+------------+------+--------------+---------------------+-------------+--------------+
; Compilation Hierarchy Node ; Combinational ALUTs ; Dedicated Logic Registers ; Block Memory Bits ; DSP Blocks ; Pins ; Virtual Pins ; Full Hierarchy Name ; Entity Name ; Library Name ;
+----------------------------+---------------------+---------------------------+-------------------+------------+------+--------------+---------------------+-------------+--------------+
; |driver                    ; 1 (1)               ; 0 (0)                     ; 0                 ; 0          ; 2    ; 0            ; |driver             ; driver      ; work         ;
+----------------------------+---------------------+---------------------------+-------------------+------------+------+--------------+---------------------+-------------+--------------+
Note: For table entries with two numbers listed, the numbers in parentheses indicate the number of resources of the given type used by the specific entity alone. The numbers listed outside of parentheses indicate the total resources of the given type used by the specific entity and all of its sub-entities in the hierarchy.


+------------------------------------------------------------+
; Logic Cells Representing Combinational Loops               ;
+--------------------------------------------------------+---+
; Logic Cell Name                                        ;   ;
+--------------------------------------------------------+---+
; SCL~0                                                  ;   ;
; Number of logic cells representing combinational loops ; 1 ;
+--------------------------------------------------------+---+
Note: All cells listed above may not be present at the end of synthesis due to various synthesis optimizations.


+------------------------------------------------------+
; General Register Statistics                          ;
+----------------------------------------------+-------+
; Statistic                                    ; Value ;
+----------------------------------------------+-------+
; Total registers                              ; 0     ;
; Number of registers using Synchronous Clear  ; 0     ;
; Number of registers using Synchronous Load   ; 0     ;
; Number of registers using Asynchronous Clear ; 0     ;
; Number of registers using Asynchronous Load  ; 0     ;
; Number of registers using Clock Enable       ; 0     ;
; Number of registers using Preset             ; 0     ;
+----------------------------------------------+-------+


+-----------------------------------------------------+
; Post-Synthesis Netlist Statistics for Top Partition ;
+-----------------------+-----------------------------+
; Type                  ; Count                       ;
+-----------------------+-----------------------------+
; arriav_io_obuf        ; 1                           ;
; arriav_lcell_comb     ; 1                           ;
;     normal            ; 1                           ;
;         1 data inputs ; 1                           ;
; boundary_port         ; 2                           ;
;                       ;                             ;
; Max LUT depth         ; 1.00                        ;
; Average LUT depth     ; 0.67                        ;
+-----------------------+-----------------------------+


+-------------------------------+
; Elapsed Time Per Partition    ;
+----------------+--------------+
; Partition Name ; Elapsed Time ;
+----------------+--------------+
; Top            ; 00:00:00     ;
+----------------+--------------+


+-------------------------------+
; Analysis & Synthesis Messages ;
+-------------------------------+
Info: *******************************************************************
Info: Running Quartus Prime Analysis & Synthesis
    Info: Version 18.1.0 Build 625 09/12/2018 SJ Standard Edition
    Info: Processing started: Sun Mar 09 17:46:43 2025
Info: Command: quartus_map --read_settings_files=on --write_settings_files=off FPGA_I2CDriver -c FPGA_I2CDriver
Warning (18236): Number of processors has not been specified which may cause overloading on shared machines.  Set the global assignment NUM_PARALLEL_PROCESSORS in your QSF to an appropriate value for best performance.
Info (20030): Parallel compilation is enabled and will use 16 of the 16 processors detected
Info (12021): Found 1 design units, including 1 entities, in source file driver.v
    Info (12023): Found entity 1: driver File: C:/Users/20mbm14/Desktop/FPGA_I2CDriver/driver.v Line: 3
Info (12021): Found 1 design units, including 1 entities, in source file driver_tb.v
    Info (12023): Found entity 1: driver_tb File: C:/Users/20mbm14/Desktop/FPGA_I2CDriver/driver_tb.v Line: 2
Info (12127): Elaborating entity "driver" for the top level hierarchy
Warning (10036): Verilog HDL or VHDL warning at driver.v(19): object "reset" assigned a value but never read File: C:/Users/20mbm14/Desktop/FPGA_I2CDriver/driver.v Line: 19
Warning (10755): Verilog HDL warning at driver.v(10): assignments to SCL create a combinational loop File: C:/Users/20mbm14/Desktop/FPGA_I2CDriver/driver.v Line: 10
Warning (10235): Verilog HDL Always Construct warning at driver.v(29): variable "state" is read inside the Always Construct but isn't in the Always Construct's Event Control File: C:/Users/20mbm14/Desktop/FPGA_I2CDriver/driver.v Line: 29
Warning (10235): Verilog HDL Always Construct warning at driver.v(29): variable "rw" is read inside the Always Construct but isn't in the Always Construct's Event Control File: C:/Users/20mbm14/Desktop/FPGA_I2CDriver/driver.v Line: 29
Warning (10235): Verilog HDL Always Construct warning at driver.v(30): variable "state" is read inside the Always Construct but isn't in the Always Construct's Event Control File: C:/Users/20mbm14/Desktop/FPGA_I2CDriver/driver.v Line: 30
Warning (10235): Verilog HDL Always Construct warning at driver.v(30): variable "rw" is read inside the Always Construct but isn't in the Always Construct's Event Control File: C:/Users/20mbm14/Desktop/FPGA_I2CDriver/driver.v Line: 30
Warning (10235): Verilog HDL Always Construct warning at driver.v(33): variable "state" is read inside the Always Construct but isn't in the Always Construct's Event Control File: C:/Users/20mbm14/Desktop/FPGA_I2CDriver/driver.v Line: 33
Warning (10235): Verilog HDL Always Construct warning at driver.v(40): variable "buff" is read inside the Always Construct but isn't in the Always Construct's Event Control File: C:/Users/20mbm14/Desktop/FPGA_I2CDriver/driver.v Line: 40
Warning (10235): Verilog HDL Always Construct warning at driver.v(41): variable "SDA" is read inside the Always Construct but isn't in the Always Construct's Event Control File: C:/Users/20mbm14/Desktop/FPGA_I2CDriver/driver.v Line: 41
Warning (10235): Verilog HDL Always Construct warning at driver.v(43): variable "bitcount" is read inside the Always Construct but isn't in the Always Construct's Event Control File: C:/Users/20mbm14/Desktop/FPGA_I2CDriver/driver.v Line: 43
Warning (10230): Verilog HDL assignment warning at driver.v(43): truncated value with size 32 to match size of target (3) File: C:/Users/20mbm14/Desktop/FPGA_I2CDriver/driver.v Line: 43
Warning (10270): Verilog HDL Case Statement warning at driver.v(33): incomplete case statement has no default case item File: C:/Users/20mbm14/Desktop/FPGA_I2CDriver/driver.v Line: 33
Info (10264): Verilog HDL Case Statement information at driver.v(33): all case item expressions in this case statement are onehot File: C:/Users/20mbm14/Desktop/FPGA_I2CDriver/driver.v Line: 33
Warning (10240): Verilog HDL Always Construct warning at driver.v(27): inferring latch(es) for variable "dataOut", which holds its previous value in one or more paths through the always construct File: C:/Users/20mbm14/Desktop/FPGA_I2CDriver/driver.v Line: 27
Warning (10240): Verilog HDL Always Construct warning at driver.v(27): inferring latch(es) for variable "state", which holds its previous value in one or more paths through the always construct File: C:/Users/20mbm14/Desktop/FPGA_I2CDriver/driver.v Line: 27
Warning (10240): Verilog HDL Always Construct warning at driver.v(27): inferring latch(es) for variable "buff", which holds its previous value in one or more paths through the always construct File: C:/Users/20mbm14/Desktop/FPGA_I2CDriver/driver.v Line: 27
Warning (10240): Verilog HDL Always Construct warning at driver.v(27): inferring latch(es) for variable "bitcount", which holds its previous value in one or more paths through the always construct File: C:/Users/20mbm14/Desktop/FPGA_I2CDriver/driver.v Line: 27
Info (10041): Inferred latch for "bitcount[0]" at driver.v(33) File: C:/Users/20mbm14/Desktop/FPGA_I2CDriver/driver.v Line: 33
Info (10041): Inferred latch for "bitcount[1]" at driver.v(33) File: C:/Users/20mbm14/Desktop/FPGA_I2CDriver/driver.v Line: 33
Info (10041): Inferred latch for "bitcount[2]" at driver.v(33) File: C:/Users/20mbm14/Desktop/FPGA_I2CDriver/driver.v Line: 33
Info (10041): Inferred latch for "state.11" at driver.v(33) File: C:/Users/20mbm14/Desktop/FPGA_I2CDriver/driver.v Line: 33
Info (10041): Inferred latch for "state.10" at driver.v(33) File: C:/Users/20mbm14/Desktop/FPGA_I2CDriver/driver.v Line: 33
Info (10041): Inferred latch for "state.01" at driver.v(33) File: C:/Users/20mbm14/Desktop/FPGA_I2CDriver/driver.v Line: 33
Info (10041): Inferred latch for "state.00" at driver.v(33) File: C:/Users/20mbm14/Desktop/FPGA_I2CDriver/driver.v Line: 33
Info (10041): Inferred latch for "dataOut" at driver.v(33) File: C:/Users/20mbm14/Desktop/FPGA_I2CDriver/driver.v Line: 33
Info (286030): Timing-Driven Synthesis is running
Info (16010): Generating hard_block partition "hard_block:auto_generated_inst"
    Info (16011): Adding 0 node(s), including 0 DDIO, 0 PLL, 0 transceiver and 0 LCELL
Info (21057): Implemented 3 device resources after synthesis - the final resource count might be different
    Info (21058): Implemented 0 input pins
    Info (21059): Implemented 1 output pins
    Info (21060): Implemented 1 bidirectional pins
    Info (21061): Implemented 1 logic cells
Info: Quartus Prime Analysis & Synthesis was successful. 0 errors, 17 warnings
    Info: Peak virtual memory: 4844 megabytes
    Info: Processing ended: Sun Mar 09 17:46:50 2025
    Info: Elapsed time: 00:00:07
    Info: Total CPU time (on all processors): 00:00:06


